# JRE version: Java(TM) SE Runtime Environment (8.0_121-b13) (build 1.8.0_121-b13)
# Java VM: Java HotSpot(TM) 64-Bit Server VM (25.121-b13 mixed mode windows-amd64 compressed oops)
Heap:
 PSYoungGen      total 71680K, used 34503K [0x00000000d5d80000, 0x00000000ddb80000, 0x0000000100000000)
  eden space 66560K, 51% used [0x00000000d5d80000,0x00000000d7f31f90,0x00000000d9e80000)
  from space 5120K, 0% used [0x00000000d9e80000,0x00000000d9e80000,0x00000000da380000)
  to   space 16896K, 0% used [0x00000000dcb00000,0x00000000dcb00000,0x00000000ddb80000)
 ParOldGen       total 100864K, used 25797K [0x0000000081800000, 0x0000000087a80000, 0x00000000d5d80000)
  object space 100864K, 25% used [0x0000000081800000,0x0000000083131798,0x0000000087a80000)
 Metaspace       used 40304K, capacity 41766K, committed 42024K, reserved 1085440K
  class space    used 5869K, capacity 6165K, committed 6184K, reserved 1048576K
GC Heap History (10 events):
Event: 2.197 GC heap before
{Heap before GC invocations=3 (full 0):
 PSYoungGen      total 38400K, used 6737K [0x00000000d5d80000, 0x00000000da880000, 0x0000000100000000)
  eden space 33280K, 4% used [0x00000000d5d80000,0x00000000d5f17378,0x00000000d7e00000)
  from space 5120K, 99% used [0x00000000d8300000,0x00000000d87fd1a8,0x00000000d8800000)
  to   space 5120K, 0% used [0x00000000d7e00000,0x00000000d7e00000,0x00000000d8300000)
 ParOldGen       total 87552K, used 6587K [0x0000000081800000, 0x0000000086d80000, 0x00000000d5d80000)
  object space 87552K, 7% used [0x0000000081800000,0x0000000081e6ee08,0x0000000086d80000)
 Metaspace       used 20492K, capacity 21136K, committed 21296K, reserved 1067008K
  class space    used 2926K, capacity 3124K, committed 3200K, reserved 1048576K
Event: 2.202 GC heap after
Heap after GC invocations=3 (full 0):
 PSYoungGen      total 38400K, used 5088K [0x00000000d5d80000, 0x00000000da880000, 0x0000000100000000)
  eden space 33280K, 0% used [0x00000000d5d80000,0x00000000d5d80000,0x00000000d7e00000)
  from space 5120K, 99% used [0x00000000d7e00000,0x00000000d82f8040,0x00000000d8300000)
  to   space 5120K, 0% used [0x00000000da380000,0x00000000da380000,0x00000000da880000)
 ParOldGen       total 87552K, used 6777K [0x0000000081800000, 0x0000000086d80000, 0x00000000d5d80000)
  object space 87552K, 7% used [0x0000000081800000,0x0000000081e9e498,0x0000000086d80000)
 Metaspace       used 20492K, capacity 21136K, committed 21296K, reserved 1067008K
  class space    used 2926K, capacity 3124K, committed 3200K, reserved 1048576K
}
Event: 2.202 GC heap before
{Heap before GC invocations=4 (full 1):
 PSYoungGen      total 38400K, used 5088K [0x00000000d5d80000, 0x00000000da880000, 0x0000000100000000)
  eden space 33280K, 0% used [0x00000000d5d80000,0x00000000d5d80000,0x00000000d7e00000)
  from space 5120K, 99% used [0x00000000d7e00000,0x00000000d82f8040,0x00000000d8300000)
  to   space 5120K, 0% used [0x00000000da380000,0x00000000da380000,0x00000000da880000)
 ParOldGen       total 87552K, used 6777K [0x0000000081800000, 0x0000000086d80000, 0x00000000d5d80000)
  object space 87552K, 7% used [0x0000000081800000,0x0000000081e9e498,0x0000000086d80000)
 Metaspace       used 20492K, capacity 21136K, committed 21296K, reserved 1067008K
  class space    used 2926K, capacity 3124K, committed 3200K, reserved 1048576K
Event: 2.233 GC heap after
Heap after GC invocations=4 (full 1):
 PSYoungGen      total 38400K, used 0K [0x00000000d5d80000, 0x00000000da880000, 0x0000000100000000)
  eden space 33280K, 0% used [0x00000000d5d80000,0x00000000d5d80000,0x00000000d7e00000)
  from space 5120K, 0% used [0x00000000d7e00000,0x00000000d7e00000,0x00000000d8300000)
  to   space 5120K, 0% used [0x00000000da380000,0x00000000da380000,0x00000000da880000)
 ParOldGen       total 55808K, used 8108K [0x0000000081800000, 0x0000000084e80000, 0x00000000d5d80000)
  object space 55808K, 14% used [0x0000000081800000,0x0000000081feb380,0x0000000084e80000)
 Metaspace       used 20492K, capacity 21136K, committed 21296K, reserved 1067008K
  class space    used 2926K, capacity 3124K, committed 3200K, reserved 1048576K
}
Event: 3.306 GC heap before
{Heap before GC invocations=5 (full 1):
 PSYoungGen      total 38400K, used 33280K [0x00000000d5d80000, 0x00000000da880000, 0x0000000100000000)
  eden space 33280K, 100% used [0x00000000d5d80000,0x00000000d7e00000,0x00000000d7e00000)
  from space 5120K, 0% used [0x00000000d7e00000,0x00000000d7e00000,0x00000000d8300000)
  to   space 5120K, 0% used [0x00000000da380000,0x00000000da380000,0x00000000da880000)
 ParOldGen       total 55808K, used 8108K [0x0000000081800000, 0x0000000084e80000, 0x00000000d5d80000)
  object space 55808K, 14% used [0x0000000081800000,0x0000000081feb380,0x0000000084e80000)
 Metaspace       used 28800K, capacity 29448K, committed 29696K, reserved 1075200K
  class space    used 4082K, capacity 4248K, committed 4352K, reserved 1048576K
Event: 3.313 GC heap after
Heap after GC invocations=5 (full 1):
 PSYoungGen      total 61952K, used 5102K [0x00000000d5d80000, 0x00000000da880000, 0x0000000100000000)
  eden space 56832K, 0% used [0x00000000d5d80000,0x00000000d5d80000,0x00000000d9500000)
  from space 5120K, 99% used [0x00000000da380000,0x00000000da87ba60,0x00000000da880000)
  to   space 5120K, 0% used [0x00000000d9e80000,0x00000000d9e80000,0x00000000da380000)
 ParOldGen       total 55808K, used 10620K [0x0000000081800000, 0x0000000084e80000, 0x00000000d5d80000)
  object space 55808K, 19% used [0x0000000081800000,0x000000008225f320,0x0000000084e80000)
 Metaspace       used 28800K, capacity 29448K, committed 29696K, reserved 1075200K
  class space    used 4082K, capacity 4248K, committed 4352K, reserved 1048576K
}
Event: 4.139 GC heap before
{Heap before GC invocations=6 (full 1):
 PSYoungGen      total 61952K, used 49402K [0x00000000d5d80000, 0x00000000da880000, 0x0000000100000000)
  eden space 56832K, 77% used [0x00000000d5d80000,0x00000000d88c2e88,0x00000000d9500000)
  from space 5120K, 99% used [0x00000000da380000,0x00000000da87ba60,0x00000000da880000)
  to   space 5120K, 0% used [0x00000000d9e80000,0x00000000d9e80000,0x00000000da380000)
 ParOldGen       total 55808K, used 10620K [0x0000000081800000, 0x0000000084e80000, 0x00000000d5d80000)
  object space 55808K, 19% used [0x0000000081800000,0x000000008225f320,0x0000000084e80000)
 Metaspace       used 34643K, capacity 35406K, committed 35496K, reserved 1079296K
  class space    used 5049K, capacity 5267K, committed 5288K, reserved 1048576K
Event: 4.150 GC heap after
Heap after GC invocations=6 (full 1):
 PSYoungGen      total 71680K, used 5106K [0x00000000d5d80000, 0x00000000ddb80000, 0x0000000100000000)
  eden space 66560K, 0% used [0x00000000d5d80000,0x00000000d5d80000,0x00000000d9e80000)
  from space 5120K, 99% used [0x00000000d9e80000,0x00000000da37c9f0,0x00000000da380000)
  to   space 16896K, 0% used [0x00000000dcb00000,0x00000000dcb00000,0x00000000ddb80000)
 ParOldGen       total 55808K, used 23585K [0x0000000081800000, 0x0000000084e80000, 0x00000000d5d80000)
  object space 55808K, 42% used [0x0000000081800000,0x0000000082f08558,0x0000000084e80000)
 Metaspace       used 34643K, capacity 35406K, committed 35496K, reserved 1079296K
  class space    used 5049K, capacity 5267K, committed 5288K, reserved 1048576K
}
Event: 4.150 GC heap before
{Heap before GC invocations=7 (full 2):
 PSYoungGen      total 71680K, used 5106K [0x00000000d5d80000, 0x00000000ddb80000, 0x0000000100000000)
  eden space 66560K, 0% used [0x00000000d5d80000,0x00000000d5d80000,0x00000000d9e80000)
  from space 5120K, 99% used [0x00000000d9e80000,0x00000000da37c9f0,0x00000000da380000)
  to   space 16896K, 0% used [0x00000000dcb00000,0x00000000dcb00000,0x00000000ddb80000)
 ParOldGen       total 55808K, used 23585K [0x0000000081800000, 0x0000000084e80000, 0x00000000d5d80000)
  object space 55808K, 42% used [0x0000000081800000,0x0000000082f08558,0x0000000084e80000)
 Metaspace       used 34643K, capacity 35406K, committed 35496K, reserved 1079296K
  class space    used 5049K, capacity 5267K, committed 5288K, reserved 1048576K
Event: 4.236 GC heap after
Heap after GC invocations=7 (full 2):
 PSYoungGen      total 71680K, used 0K [0x00000000d5d80000, 0x00000000ddb80000, 0x0000000100000000)
  eden space 66560K, 0% used [0x00000000d5d80000,0x00000000d5d80000,0x00000000d9e80000)
  from space 5120K, 0% used [0x00000000d9e80000,0x00000000d9e80000,0x00000000da380000)
  to   space 16896K, 0% used [0x00000000dcb00000,0x00000000dcb00000,0x00000000ddb80000)
 ParOldGen       total 100864K, used 25797K [0x0000000081800000, 0x0000000087a80000, 0x00000000d5d80000)
  object space 100864K, 25% used [0x0000000081800000,0x0000000083131798,0x0000000087a80000)
 Metaspace       used 34643K, capacity 35406K, committed 35496K, reserved 1079296K
  class space    used 5049K, capacity 5267K, committed 5288K, reserved 1048576K
}

